Logfile initialized
[INFO] logfile = /Users/johnjennings/p_media_src/ibdb_android_app/build.log
[DEBUG] /Library/Application Support/Titanium/mobilesdk/osx/2.0.1.GA2/android/builder.py simulator IBDB /Users/johnjennings /Users/johnjennings/p_media_src/ibdb_android_app com.broadwayleague.IBDB 3 WVGA800 
[INFO] Building IBDB for Android ... one moment
[INFO] Titanium SDK version: 2.0.1 (04/12/12 16:33 999c68a)
[DEBUG] Waiting for device to be ready ...
[TRACE] adb devices returned 1 devices/emulators
[DEBUG] Device connected... (waited 0 seconds)
[DEBUG] waited 0.028383 seconds on emulator to get ready
[DEBUG] com.broadwayleague.IBDB installed? True
[INFO] Fastdev server running, deploying in Fastdev mode
[INFO] Copying CommonJS modules...
[INFO] Copying project resources..
[TRACE] COPYING MODIFIED FILE: /Users/johnjennings/p_media_src/ibdb_android_app/Resources/app.js => /Users/johnjennings/p_media_src/ibdb_android_app/build/android/bin/assets/Resources/app.js
[INFO] Tiapp.xml unchanged, skipping class generation
[DEBUG] Processing Android resource drawables
[DEBUG] found drawable-long-land-hdpi splash screen at /Users/johnjennings/p_media_src/ibdb_android_app/Resources/android/images/res-long-land-hdpi/default.png
[DEBUG] found drawable-long-land-ldpi splash screen at /Users/johnjennings/p_media_src/ibdb_android_app/Resources/android/images/res-long-land-ldpi/default.png
[DEBUG] found drawable-long-port-hdpi splash screen at /Users/johnjennings/p_media_src/ibdb_android_app/Resources/android/images/res-long-port-hdpi/default.png
[DEBUG] found drawable-long-port-ldpi splash screen at /Users/johnjennings/p_media_src/ibdb_android_app/Resources/android/images/res-long-port-ldpi/default.png
[DEBUG] found drawable-notlong-land-hdpi splash screen at /Users/johnjennings/p_media_src/ibdb_android_app/Resources/android/images/res-notlong-land-hdpi/default.png
[DEBUG] found drawable-notlong-land-ldpi splash screen at /Users/johnjennings/p_media_src/ibdb_android_app/Resources/android/images/res-notlong-land-ldpi/default.png
[DEBUG] found drawable-notlong-land-mdpi splash screen at /Users/johnjennings/p_media_src/ibdb_android_app/Resources/android/images/res-notlong-land-mdpi/default.png
[DEBUG] found drawable-notlong-port-hdpi splash screen at /Users/johnjennings/p_media_src/ibdb_android_app/Resources/android/images/res-notlong-port-hdpi/default.png
[DEBUG] found drawable-notlong-port-ldpi splash screen at /Users/johnjennings/p_media_src/ibdb_android_app/Resources/android/images/res-notlong-port-ldpi/default.png
[DEBUG] found drawable-notlong-port-mdpi splash screen at /Users/johnjennings/p_media_src/ibdb_android_app/Resources/android/images/res-notlong-port-mdpi/default.png
[INFO] Waiting for SDCard to become available..
[INFO] Re-launching application ... IBDB
[INFO] Launching application ... IBDB
[TRACE] Launch output: Starting: Intent { act=android.intent.action.MAIN cat=[android.intent.category.LAUNCHER] cmp=com.broadwayleague.IBDB/.IbdbActivity }
Warning: Activity not started, its current task has been brought to the front

[INFO] Relaunched IBDB ... Application should be running.
[INFO] Android Emulator has exited
